<?xml version="1.0" encoding="UTF-8"?>
<testsuite xmlns:xsi="http://www.w3.org/2001/XMLSchema-instance" xsi:noNamespaceSchemaLocation="https://maven.apache.org/surefire/maven-surefire-plugin/xsd/surefire-test-report.xsd" name="com.ctv.geoservice.GeoserviceApplicationTests" time="0.211" tests="1" errors="0" skipped="0" failures="0">
  <properties>
    <property name="sun.desktop" value="windows"/>
    <property name="awt.toolkit" value="sun.awt.windows.WToolkit"/>
    <property name="file.encoding.pkg" value="sun.io"/>
    <property name="java.specification.version" value="1.8"/>
    <property name="sun.cpu.isalist" value="amd64"/>
    <property name="sun.jnu.encoding" value="Cp1252"/>
    <property name="java.class.path" value="C:\DATOS\desarrollo\COPE\agilelang.geotaging\target\test-classes;C:\DATOS\desarrollo\COPE\agilelang.geotaging\target\classes;C:\Users\Newshore_\.m2\repository\org\springframework\boot\spring-boot-starter-thymeleaf\2.0.3.RELEASE\spring-boot-starter-thymeleaf-2.0.3.RELEASE.jar;C:\Users\Newshore_\.m2\repository\org\springframework\boot\spring-boot-starter\2.0.3.RELEASE\spring-boot-starter-2.0.3.RELEASE.jar;C:\Users\Newshore_\.m2\repository\org\springframework\boot\spring-boot\2.0.3.RELEASE\spring-boot-2.0.3.RELEASE.jar;C:\Users\Newshore_\.m2\repository\org\springframework\boot\spring-boot-autoconfigure\2.0.3.RELEASE\spring-boot-autoconfigure-2.0.3.RELEASE.jar;C:\Users\Newshore_\.m2\repository\org\springframework\boot\spring-boot-starter-logging\2.0.3.RELEASE\spring-boot-starter-logging-2.0.3.RELEASE.jar;C:\Users\Newshore_\.m2\repository\ch\qos\logback\logback-classic\1.2.3\logback-classic-1.2.3.jar;C:\Users\Newshore_\.m2\repository\ch\qos\logback\logback-core\1.2.3\logback-core-1.2.3.jar;C:\Users\Newshore_\.m2\repository\org\apache\logging\log4j\log4j-to-slf4j\2.10.0\log4j-to-slf4j-2.10.0.jar;C:\Users\Newshore_\.m2\repository\org\apache\logging\log4j\log4j-api\2.10.0\log4j-api-2.10.0.jar;C:\Users\Newshore_\.m2\repository\org\slf4j\jul-to-slf4j\1.7.25\jul-to-slf4j-1.7.25.jar;C:\Users\Newshore_\.m2\repository\org\yaml\snakeyaml\1.19\snakeyaml-1.19.jar;C:\Users\Newshore_\.m2\repository\org\thymeleaf\thymeleaf-spring5\3.0.9.RELEASE\thymeleaf-spring5-3.0.9.RELEASE.jar;C:\Users\Newshore_\.m2\repository\org\thymeleaf\thymeleaf\3.0.9.RELEASE\thymeleaf-3.0.9.RELEASE.jar;C:\Users\Newshore_\.m2\repository\org\attoparser\attoparser\2.0.4.RELEASE\attoparser-2.0.4.RELEASE.jar;C:\Users\Newshore_\.m2\repository\org\unbescape\unbescape\1.1.5.RELEASE\unbescape-1.1.5.RELEASE.jar;C:\Users\Newshore_\.m2\repository\org\slf4j\slf4j-api\1.7.25\slf4j-api-1.7.25.jar;C:\Users\Newshore_\.m2\repository\org\thymeleaf\extras\thymeleaf-extras-java8time\3.0.1.RELEASE\thymeleaf-extras-java8time-3.0.1.RELEASE.jar;C:\Users\Newshore_\.m2\repository\org\springframework\boot\spring-boot-starter-web\2.0.3.RELEASE\spring-boot-starter-web-2.0.3.RELEASE.jar;C:\Users\Newshore_\.m2\repository\org\springframework\boot\spring-boot-starter-json\2.0.3.RELEASE\spring-boot-starter-json-2.0.3.RELEASE.jar;C:\Users\Newshore_\.m2\repository\com\fasterxml\jackson\core\jackson-databind\2.9.6\jackson-databind-2.9.6.jar;C:\Users\Newshore_\.m2\repository\com\fasterxml\jackson\core\jackson-annotations\2.9.0\jackson-annotations-2.9.0.jar;C:\Users\Newshore_\.m2\repository\com\fasterxml\jackson\core\jackson-core\2.9.6\jackson-core-2.9.6.jar;C:\Users\Newshore_\.m2\repository\com\fasterxml\jackson\datatype\jackson-datatype-jdk8\2.9.6\jackson-datatype-jdk8-2.9.6.jar;C:\Users\Newshore_\.m2\repository\com\fasterxml\jackson\datatype\jackson-datatype-jsr310\2.9.6\jackson-datatype-jsr310-2.9.6.jar;C:\Users\Newshore_\.m2\repository\com\fasterxml\jackson\module\jackson-module-parameter-names\2.9.6\jackson-module-parameter-names-2.9.6.jar;C:\Users\Newshore_\.m2\repository\org\hibernate\validator\hibernate-validator\6.0.10.Final\hibernate-validator-6.0.10.Final.jar;C:\Users\Newshore_\.m2\repository\javax\validation\validation-api\2.0.1.Final\validation-api-2.0.1.Final.jar;C:\Users\Newshore_\.m2\repository\org\jboss\logging\jboss-logging\3.3.2.Final\jboss-logging-3.3.2.Final.jar;C:\Users\Newshore_\.m2\repository\com\fasterxml\classmate\1.3.4\classmate-1.3.4.jar;C:\Users\Newshore_\.m2\repository\org\springframework\spring-web\5.0.7.RELEASE\spring-web-5.0.7.RELEASE.jar;C:\Users\Newshore_\.m2\repository\org\springframework\spring-beans\5.0.7.RELEASE\spring-beans-5.0.7.RELEASE.jar;C:\Users\Newshore_\.m2\repository\org\springframework\spring-webmvc\5.0.7.RELEASE\spring-webmvc-5.0.7.RELEASE.jar;C:\Users\Newshore_\.m2\repository\org\springframework\spring-aop\5.0.7.RELEASE\spring-aop-5.0.7.RELEASE.jar;C:\Users\Newshore_\.m2\repository\org\springframework\spring-context\5.0.7.RELEASE\spring-context-5.0.7.RELEASE.jar;C:\Users\Newshore_\.m2\repository\org\springframework\spring-expression\5.0.7.RELEASE\spring-expression-5.0.7.RELEASE.jar;C:\Users\Newshore_\.m2\repository\org\springframework\boot\spring-boot-starter-tomcat\2.0.3.RELEASE\spring-boot-starter-tomcat-2.0.3.RELEASE.jar;C:\Users\Newshore_\.m2\repository\javax\annotation\javax.annotation-api\1.3.2\javax.annotation-api-1.3.2.jar;C:\Users\Newshore_\.m2\repository\org\apache\tomcat\embed\tomcat-embed-core\8.5.31\tomcat-embed-core-8.5.31.jar;C:\Users\Newshore_\.m2\repository\org\apache\tomcat\embed\tomcat-embed-el\8.5.31\tomcat-embed-el-8.5.31.jar;C:\Users\Newshore_\.m2\repository\org\apache\tomcat\embed\tomcat-embed-websocket\8.5.31\tomcat-embed-websocket-8.5.31.jar;C:\Users\Newshore_\.m2\repository\org\springframework\boot\spring-boot-starter-test\2.0.3.RELEASE\spring-boot-starter-test-2.0.3.RELEASE.jar;C:\Users\Newshore_\.m2\repository\org\springframework\boot\spring-boot-test\2.0.3.RELEASE\spring-boot-test-2.0.3.RELEASE.jar;C:\Users\Newshore_\.m2\repository\org\springframework\boot\spring-boot-test-autoconfigure\2.0.3.RELEASE\spring-boot-test-autoconfigure-2.0.3.RELEASE.jar;C:\Users\Newshore_\.m2\repository\com\jayway\jsonpath\json-path\2.4.0\json-path-2.4.0.jar;C:\Users\Newshore_\.m2\repository\net\minidev\json-smart\2.3\json-smart-2.3.jar;C:\Users\Newshore_\.m2\repository\net\minidev\accessors-smart\1.2\accessors-smart-1.2.jar;C:\Users\Newshore_\.m2\repository\org\ow2\asm\asm\5.0.4\asm-5.0.4.jar;C:\Users\Newshore_\.m2\repository\junit\junit\4.12\junit-4.12.jar;C:\Users\Newshore_\.m2\repository\org\assertj\assertj-core\3.9.1\assertj-core-3.9.1.jar;C:\Users\Newshore_\.m2\repository\org\mockito\mockito-core\2.15.0\mockito-core-2.15.0.jar;C:\Users\Newshore_\.m2\repository\net\bytebuddy\byte-buddy\1.7.11\byte-buddy-1.7.11.jar;C:\Users\Newshore_\.m2\repository\net\bytebuddy\byte-buddy-agent\1.7.11\byte-buddy-agent-1.7.11.jar;C:\Users\Newshore_\.m2\repository\org\objenesis\objenesis\2.6\objenesis-2.6.jar;C:\Users\Newshore_\.m2\repository\org\hamcrest\hamcrest-core\1.3\hamcrest-core-1.3.jar;C:\Users\Newshore_\.m2\repository\org\hamcrest\hamcrest-library\1.3\hamcrest-library-1.3.jar;C:\Users\Newshore_\.m2\repository\org\skyscreamer\jsonassert\1.5.0\jsonassert-1.5.0.jar;C:\Users\Newshore_\.m2\repository\com\vaadin\external\google\android-json\0.0.20131108.vaadin1\android-json-0.0.20131108.vaadin1.jar;C:\Users\Newshore_\.m2\repository\org\springframework\spring-core\5.0.7.RELEASE\spring-core-5.0.7.RELEASE.jar;C:\Users\Newshore_\.m2\repository\org\springframework\spring-jcl\5.0.7.RELEASE\spring-jcl-5.0.7.RELEASE.jar;C:\Users\Newshore_\.m2\repository\org\springframework\spring-test\5.0.7.RELEASE\spring-test-5.0.7.RELEASE.jar;C:\Users\Newshore_\.m2\repository\org\xmlunit\xmlunit-core\2.5.1\xmlunit-core-2.5.1.jar;C:\Users\Newshore_\.m2\repository\ctv\dfcapi-client\1.10.0\dfcapi-client-1.10.0.jar;C:\Users\Newshore_\.m2\repository\commons-io\commons-io\1.3.1\commons-io-1.3.1.jar;C:\Users\Newshore_\.m2\repository\org\apache\xmlrpc\xmlrpc-client\3.0\xmlrpc-client-3.0.jar;C:\Users\Newshore_\.m2\repository\org\apache\xmlrpc\xmlrpc-common\3.0\xmlrpc-common-3.0.jar;C:\Users\Newshore_\.m2\repository\org\apache\ws\commons\ws-commons-util\1.0.1\ws-commons-util-1.0.1.jar;C:\Users\Newshore_\.m2\repository\xml-apis\xml-apis\1.4.01\xml-apis-1.4.01.jar;C:\Users\Newshore_\.m2\repository\commons-lang\commons-lang\2.2\commons-lang-2.2.jar;C:\Users\Newshore_\.m2\repository\commons-httpclient\commons-httpclient\3.0.1\commons-httpclient-3.0.1.jar;C:\Users\Newshore_\.m2\repository\commons-logging\commons-logging\1.0.3\commons-logging-1.0.3.jar;C:\Users\Newshore_\.m2\repository\commons-codec\commons-codec\1.11\commons-codec-1.11.jar;C:\Users\Newshore_\.m2\repository\log4j\log4j\1.2.14\log4j-1.2.14.jar;C:\Users\Newshore_\.m2\repository\ctv\dfcapi-common\1.10.0\dfcapi-common-1.10.0.jar;C:\Users\Newshore_\.m2\repository\javax\xml\bind\jaxb-api\2.3.0\jaxb-api-2.3.0.jar;C:\Users\Newshore_\.m2\repository\com\sun\xml\bind\jaxb-impl\2.0.2\jaxb-impl-2.0.2.jar;C:\Users\Newshore_\.m2\repository\com\sun\xml\bind\jaxb-xjc\2.0.2\jaxb-xjc-2.0.2.jar;C:\Users\Newshore_\.m2\repository\javax\activation\activation\1.1\activation-1.1.jar;C:\Users\Newshore_\.m2\repository\javax\xml\bind\jsr173_api\1.0\jsr173_api-1.0.jar;C:\Users\Newshore_\.m2\repository\org\json\json\20160810\json-20160810.jar;"/>
    <property name="java.vm.vendor" value="Oracle Corporation"/>
    <property name="sun.arch.data.model" value="64"/>
    <property name="user.variant" value=""/>
    <property name="java.vendor.url" value="http://java.oracle.com/"/>
    <property name="user.timezone" value=""/>
    <property name="java.vm.specification.version" value="1.8"/>
    <property name="os.name" value="Windows 10"/>
    <property name="user.country" value="CO"/>
    <property name="sun.java.launcher" value="SUN_STANDARD"/>
    <property name="sun.boot.library.path" value="C:\Program Files\Java\jdk1.8.0_341\jre\bin"/>
    <property name="sun.java.command" value="C:\Users\NEWSHO~1\AppData\Local\Temp\surefire747619988430351682\surefirebooter3024322865684133062.jar C:\Users\Newshore_\AppData\Local\Temp\surefire747619988430351682 2022-08-29T07-50-58_918-jvmRun1 surefire3663723502361522855tmp surefire_0418045634785003099tmp"/>
    <property name="surefire.test.class.path" value="C:\DATOS\desarrollo\COPE\agilelang.geotaging\target\test-classes;C:\DATOS\desarrollo\COPE\agilelang.geotaging\target\classes;C:\Users\Newshore_\.m2\repository\org\springframework\boot\spring-boot-starter-thymeleaf\2.0.3.RELEASE\spring-boot-starter-thymeleaf-2.0.3.RELEASE.jar;C:\Users\Newshore_\.m2\repository\org\springframework\boot\spring-boot-starter\2.0.3.RELEASE\spring-boot-starter-2.0.3.RELEASE.jar;C:\Users\Newshore_\.m2\repository\org\springframework\boot\spring-boot\2.0.3.RELEASE\spring-boot-2.0.3.RELEASE.jar;C:\Users\Newshore_\.m2\repository\org\springframework\boot\spring-boot-autoconfigure\2.0.3.RELEASE\spring-boot-autoconfigure-2.0.3.RELEASE.jar;C:\Users\Newshore_\.m2\repository\org\springframework\boot\spring-boot-starter-logging\2.0.3.RELEASE\spring-boot-starter-logging-2.0.3.RELEASE.jar;C:\Users\Newshore_\.m2\repository\ch\qos\logback\logback-classic\1.2.3\logback-classic-1.2.3.jar;C:\Users\Newshore_\.m2\repository\ch\qos\logback\logback-core\1.2.3\logback-core-1.2.3.jar;C:\Users\Newshore_\.m2\repository\org\apache\logging\log4j\log4j-to-slf4j\2.10.0\log4j-to-slf4j-2.10.0.jar;C:\Users\Newshore_\.m2\repository\org\apache\logging\log4j\log4j-api\2.10.0\log4j-api-2.10.0.jar;C:\Users\Newshore_\.m2\repository\org\slf4j\jul-to-slf4j\1.7.25\jul-to-slf4j-1.7.25.jar;C:\Users\Newshore_\.m2\repository\org\yaml\snakeyaml\1.19\snakeyaml-1.19.jar;C:\Users\Newshore_\.m2\repository\org\thymeleaf\thymeleaf-spring5\3.0.9.RELEASE\thymeleaf-spring5-3.0.9.RELEASE.jar;C:\Users\Newshore_\.m2\repository\org\thymeleaf\thymeleaf\3.0.9.RELEASE\thymeleaf-3.0.9.RELEASE.jar;C:\Users\Newshore_\.m2\repository\org\attoparser\attoparser\2.0.4.RELEASE\attoparser-2.0.4.RELEASE.jar;C:\Users\Newshore_\.m2\repository\org\unbescape\unbescape\1.1.5.RELEASE\unbescape-1.1.5.RELEASE.jar;C:\Users\Newshore_\.m2\repository\org\slf4j\slf4j-api\1.7.25\slf4j-api-1.7.25.jar;C:\Users\Newshore_\.m2\repository\org\thymeleaf\extras\thymeleaf-extras-java8time\3.0.1.RELEASE\thymeleaf-extras-java8time-3.0.1.RELEASE.jar;C:\Users\Newshore_\.m2\repository\org\springframework\boot\spring-boot-starter-web\2.0.3.RELEASE\spring-boot-starter-web-2.0.3.RELEASE.jar;C:\Users\Newshore_\.m2\repository\org\springframework\boot\spring-boot-starter-json\2.0.3.RELEASE\spring-boot-starter-json-2.0.3.RELEASE.jar;C:\Users\Newshore_\.m2\repository\com\fasterxml\jackson\core\jackson-databind\2.9.6\jackson-databind-2.9.6.jar;C:\Users\Newshore_\.m2\repository\com\fasterxml\jackson\core\jackson-annotations\2.9.0\jackson-annotations-2.9.0.jar;C:\Users\Newshore_\.m2\repository\com\fasterxml\jackson\core\jackson-core\2.9.6\jackson-core-2.9.6.jar;C:\Users\Newshore_\.m2\repository\com\fasterxml\jackson\datatype\jackson-datatype-jdk8\2.9.6\jackson-datatype-jdk8-2.9.6.jar;C:\Users\Newshore_\.m2\repository\com\fasterxml\jackson\datatype\jackson-datatype-jsr310\2.9.6\jackson-datatype-jsr310-2.9.6.jar;C:\Users\Newshore_\.m2\repository\com\fasterxml\jackson\module\jackson-module-parameter-names\2.9.6\jackson-module-parameter-names-2.9.6.jar;C:\Users\Newshore_\.m2\repository\org\hibernate\validator\hibernate-validator\6.0.10.Final\hibernate-validator-6.0.10.Final.jar;C:\Users\Newshore_\.m2\repository\javax\validation\validation-api\2.0.1.Final\validation-api-2.0.1.Final.jar;C:\Users\Newshore_\.m2\repository\org\jboss\logging\jboss-logging\3.3.2.Final\jboss-logging-3.3.2.Final.jar;C:\Users\Newshore_\.m2\repository\com\fasterxml\classmate\1.3.4\classmate-1.3.4.jar;C:\Users\Newshore_\.m2\repository\org\springframework\spring-web\5.0.7.RELEASE\spring-web-5.0.7.RELEASE.jar;C:\Users\Newshore_\.m2\repository\org\springframework\spring-beans\5.0.7.RELEASE\spring-beans-5.0.7.RELEASE.jar;C:\Users\Newshore_\.m2\repository\org\springframework\spring-webmvc\5.0.7.RELEASE\spring-webmvc-5.0.7.RELEASE.jar;C:\Users\Newshore_\.m2\repository\org\springframework\spring-aop\5.0.7.RELEASE\spring-aop-5.0.7.RELEASE.jar;C:\Users\Newshore_\.m2\repository\org\springframework\spring-context\5.0.7.RELEASE\spring-context-5.0.7.RELEASE.jar;C:\Users\Newshore_\.m2\repository\org\springframework\spring-expression\5.0.7.RELEASE\spring-expression-5.0.7.RELEASE.jar;C:\Users\Newshore_\.m2\repository\org\springframework\boot\spring-boot-starter-tomcat\2.0.3.RELEASE\spring-boot-starter-tomcat-2.0.3.RELEASE.jar;C:\Users\Newshore_\.m2\repository\javax\annotation\javax.annotation-api\1.3.2\javax.annotation-api-1.3.2.jar;C:\Users\Newshore_\.m2\repository\org\apache\tomcat\embed\tomcat-embed-core\8.5.31\tomcat-embed-core-8.5.31.jar;C:\Users\Newshore_\.m2\repository\org\apache\tomcat\embed\tomcat-embed-el\8.5.31\tomcat-embed-el-8.5.31.jar;C:\Users\Newshore_\.m2\repository\org\apache\tomcat\embed\tomcat-embed-websocket\8.5.31\tomcat-embed-websocket-8.5.31.jar;C:\Users\Newshore_\.m2\repository\org\springframework\boot\spring-boot-starter-test\2.0.3.RELEASE\spring-boot-starter-test-2.0.3.RELEASE.jar;C:\Users\Newshore_\.m2\repository\org\springframework\boot\spring-boot-test\2.0.3.RELEASE\spring-boot-test-2.0.3.RELEASE.jar;C:\Users\Newshore_\.m2\repository\org\springframework\boot\spring-boot-test-autoconfigure\2.0.3.RELEASE\spring-boot-test-autoconfigure-2.0.3.RELEASE.jar;C:\Users\Newshore_\.m2\repository\com\jayway\jsonpath\json-path\2.4.0\json-path-2.4.0.jar;C:\Users\Newshore_\.m2\repository\net\minidev\json-smart\2.3\json-smart-2.3.jar;C:\Users\Newshore_\.m2\repository\net\minidev\accessors-smart\1.2\accessors-smart-1.2.jar;C:\Users\Newshore_\.m2\repository\org\ow2\asm\asm\5.0.4\asm-5.0.4.jar;C:\Users\Newshore_\.m2\repository\junit\junit\4.12\junit-4.12.jar;C:\Users\Newshore_\.m2\repository\org\assertj\assertj-core\3.9.1\assertj-core-3.9.1.jar;C:\Users\Newshore_\.m2\repository\org\mockito\mockito-core\2.15.0\mockito-core-2.15.0.jar;C:\Users\Newshore_\.m2\repository\net\bytebuddy\byte-buddy\1.7.11\byte-buddy-1.7.11.jar;C:\Users\Newshore_\.m2\repository\net\bytebuddy\byte-buddy-agent\1.7.11\byte-buddy-agent-1.7.11.jar;C:\Users\Newshore_\.m2\repository\org\objenesis\objenesis\2.6\objenesis-2.6.jar;C:\Users\Newshore_\.m2\repository\org\hamcrest\hamcrest-core\1.3\hamcrest-core-1.3.jar;C:\Users\Newshore_\.m2\repository\org\hamcrest\hamcrest-library\1.3\hamcrest-library-1.3.jar;C:\Users\Newshore_\.m2\repository\org\skyscreamer\jsonassert\1.5.0\jsonassert-1.5.0.jar;C:\Users\Newshore_\.m2\repository\com\vaadin\external\google\android-json\0.0.20131108.vaadin1\android-json-0.0.20131108.vaadin1.jar;C:\Users\Newshore_\.m2\repository\org\springframework\spring-core\5.0.7.RELEASE\spring-core-5.0.7.RELEASE.jar;C:\Users\Newshore_\.m2\repository\org\springframework\spring-jcl\5.0.7.RELEASE\spring-jcl-5.0.7.RELEASE.jar;C:\Users\Newshore_\.m2\repository\org\springframework\spring-test\5.0.7.RELEASE\spring-test-5.0.7.RELEASE.jar;C:\Users\Newshore_\.m2\repository\org\xmlunit\xmlunit-core\2.5.1\xmlunit-core-2.5.1.jar;C:\Users\Newshore_\.m2\repository\ctv\dfcapi-client\1.10.0\dfcapi-client-1.10.0.jar;C:\Users\Newshore_\.m2\repository\commons-io\commons-io\1.3.1\commons-io-1.3.1.jar;C:\Users\Newshore_\.m2\repository\org\apache\xmlrpc\xmlrpc-client\3.0\xmlrpc-client-3.0.jar;C:\Users\Newshore_\.m2\repository\org\apache\xmlrpc\xmlrpc-common\3.0\xmlrpc-common-3.0.jar;C:\Users\Newshore_\.m2\repository\org\apache\ws\commons\ws-commons-util\1.0.1\ws-commons-util-1.0.1.jar;C:\Users\Newshore_\.m2\repository\xml-apis\xml-apis\1.4.01\xml-apis-1.4.01.jar;C:\Users\Newshore_\.m2\repository\commons-lang\commons-lang\2.2\commons-lang-2.2.jar;C:\Users\Newshore_\.m2\repository\commons-httpclient\commons-httpclient\3.0.1\commons-httpclient-3.0.1.jar;C:\Users\Newshore_\.m2\repository\commons-logging\commons-logging\1.0.3\commons-logging-1.0.3.jar;C:\Users\Newshore_\.m2\repository\commons-codec\commons-codec\1.11\commons-codec-1.11.jar;C:\Users\Newshore_\.m2\repository\log4j\log4j\1.2.14\log4j-1.2.14.jar;C:\Users\Newshore_\.m2\repository\ctv\dfcapi-common\1.10.0\dfcapi-common-1.10.0.jar;C:\Users\Newshore_\.m2\repository\javax\xml\bind\jaxb-api\2.3.0\jaxb-api-2.3.0.jar;C:\Users\Newshore_\.m2\repository\com\sun\xml\bind\jaxb-impl\2.0.2\jaxb-impl-2.0.2.jar;C:\Users\Newshore_\.m2\repository\com\sun\xml\bind\jaxb-xjc\2.0.2\jaxb-xjc-2.0.2.jar;C:\Users\Newshore_\.m2\repository\javax\activation\activation\1.1\activation-1.1.jar;C:\Users\Newshore_\.m2\repository\javax\xml\bind\jsr173_api\1.0\jsr173_api-1.0.jar;C:\Users\Newshore_\.m2\repository\org\json\json\20160810\json-20160810.jar;"/>
    <property name="sun.cpu.endian" value="little"/>
    <property name="user.home" value="C:\Users\Newshore_"/>
    <property name="user.language" value="es"/>
    <property name="java.specification.vendor" value="Oracle Corporation"/>
    <property name="java.home" value="C:\Program Files\Java\jdk1.8.0_341\jre"/>
    <property name="basedir" value="C:\DATOS\desarrollo\COPE\agilelang.geotaging"/>
    <property name="file.separator" value="\"/>
    <property name="line.separator" value="&#10;"/>
    <property name="java.vm.specification.vendor" value="Oracle Corporation"/>
    <property name="java.specification.name" value="Java Platform API Specification"/>
    <property name="java.awt.graphicsenv" value="sun.awt.Win32GraphicsEnvironment"/>
    <property name="surefire.real.class.path" value="C:\Users\NEWSHO~1\AppData\Local\Temp\surefire747619988430351682\surefirebooter3024322865684133062.jar"/>
    <property name="sun.boot.class.path" value="C:\Program Files\Java\jdk1.8.0_341\jre\lib\resources.jar;C:\Program Files\Java\jdk1.8.0_341\jre\lib\rt.jar;C:\Program Files\Java\jdk1.8.0_341\jre\lib\jsse.jar;C:\Program Files\Java\jdk1.8.0_341\jre\lib\jce.jar;C:\Program Files\Java\jdk1.8.0_341\jre\lib\charsets.jar;C:\Program Files\Java\jdk1.8.0_341\jre\lib\jfr.jar;C:\Program Files\Java\jdk1.8.0_341\jre\classes"/>
    <property name="user.script" value=""/>
    <property name="sun.management.compiler" value="HotSpot 64-Bit Tiered Compilers"/>
    <property name="java.runtime.version" value="1.8.0_341-b10"/>
    <property name="user.name" value="Newshore_"/>
    <property name="path.separator" value=";"/>
    <property name="os.version" value="10.0"/>
    <property name="java.endorsed.dirs" value="C:\Program Files\Java\jdk1.8.0_341\jre\lib\endorsed"/>
    <property name="java.runtime.name" value="Java(TM) SE Runtime Environment"/>
    <property name="file.encoding" value="Cp1252"/>
    <property name="java.vm.name" value="Java HotSpot(TM) 64-Bit Server VM"/>
    <property name="localRepository" value="C:\Users\Newshore_\.m2\repository"/>
    <property name="java.vendor.url.bug" value="http://bugreport.sun.com/bugreport/"/>
    <property name="java.io.tmpdir" value="C:\Users\NEWSHO~1\AppData\Local\Temp\"/>
    <property name="java.version" value="1.8.0_341"/>
    <property name="user.dir" value="C:\DATOS\desarrollo\COPE\agilelang.geotaging"/>
    <property name="os.arch" value="amd64"/>
    <property name="java.vm.specification.name" value="Java Virtual Machine Specification"/>
    <property name="java.awt.printerjob" value="sun.awt.windows.WPrinterJob"/>
    <property name="sun.os.patch.level" value=""/>
    <property name="java.library.path" value="C:\Program Files\Java\jdk1.8.0_341\jre\bin;C:\WINDOWS\Sun\Java\bin;C:\WINDOWS\system32;C:\WINDOWS;C:\Program Files\Java\jdk1.8.0_341\bin;C:\Python39\Scripts\;C:\Python39\;C:\WINDOWS\system32;C:\WINDOWS;C:\WINDOWS\System32\Wbem;C:\WINDOWS\System32\WindowsPowerShell\v1.0\;C:\Program Files\Microsoft SQL Server\Client SDK\ODBC\170\Tools\Binn\;C:\Program Files (x86)\Microsoft SQL Server\150\Tools\Binn\;C:\Program Files\Microsoft SQL Server\150\Tools\Binn\;C:\Program Files\Microsoft SQL Server\150\DTS\Binn\;C:\Program Files (x86)\Microsoft SQL Server\150\DTS\Binn\;C:\WINDOWS\System32\OpenSSH\;C:\Program Files\PuTTY\;D:\servers\apache-maven-3.8.1\bin;C:\Program Files\MongoDB\Server\4.4\bin;C:\Program Files\WireGuard\;C:\Program Files\TortoiseSVN\bin;C:\Program Files\SlikSvn\bin;C:\ProgramData\chocolatey\bin;D:\servers\ffmpeg\bin;D:\servers\mp3wrap-0.5;C:\Users\Newshore_\AppData\Roaming\nvm;C:\Program Files\nodejs;C:\Program Files\Git\cmd;C:\Users\Newshore_\AppData\Local\Microsoft\WindowsApps;C:\Users\Newshore_\AppData\Local\Programs\Microsoft VS Code\bin;C:\Users\Newshore_\AppData\Roaming\npm;C:\Program Files\JetBrains\IntelliJ IDEA Community Edition 2021.2\bin;;C:\Users\Newshore_\AppData\Roaming\nvm;C:\Program Files\nodejs;."/>
    <property name="java.vm.info" value="mixed mode"/>
    <property name="java.vendor" value="Oracle Corporation"/>
    <property name="java.vm.version" value="25.341-b10"/>
    <property name="java.ext.dirs" value="C:\Program Files\Java\jdk1.8.0_341\jre\lib\ext;C:\WINDOWS\Sun\Java\lib\ext"/>
    <property name="sun.io.unicode.encoding" value="UnicodeLittle"/>
    <property name="java.class.version" value="52.0"/>
  </properties>
  <testcase name="contextLoads" classname="com.ctv.geoservice.GeoserviceApplicationTests" time="0"/>
</testsuite>